SmsSafe/proguard_logs/mapping.txt
smssafe2.dbengine.CMSetting -> smssafe2.dbengine.f:
    int mId -> a
    java.lang.String mVal -> b
    int getIntVal() -> b
    int getId() -> a
    void setId(int) -> a
    java.lang.String getStrVal() -> c
    void setStrVal(java.lang.String) -> a
smssafe2.dbengine.CMSms -> smssafe2.dbengine.g:
    int mId -> a
    int mDirection -> b
    int mFolder -> c
    int mIsNew -> d
    java.lang.String mHash -> e
    java.lang.String mPhone -> f
    java.lang.String mText -> g
    java.util.Date mDate -> h
    int mStatus -> i
    int mSmsId -> j
    java.util.Date getDate() -> b
    int getDirection() -> c
    int getId() -> a
    int getIsNew() -> d
    java.lang.String getPhone() -> e
    java.lang.String getText() -> f
    void setDate(java.util.Date) -> a
    void setDirection(int) -> b
    void setId(int) -> a
    void setIsNew(int) -> c
    void setPhone(java.lang.String) -> a
    void setText(java.lang.String) -> b
    int getFolder() -> g
    void setFolder(int) -> d
    java.lang.String getHash() -> h
    void setHash(java.lang.String) -> c
    int getStatus() -> i
    void setStatus(int) -> e
    int getSmsId() -> j
    void setSmsId(int) -> f
smssafe2.dbengine.CMSmsGroup -> smssafe2.dbengine.h:
    int mId -> a
    java.lang.String mHash -> b
    java.lang.String mPhone -> c
    int mCount -> d
    int mCountNew -> e
    java.util.Date mDate -> f
    int getId() -> a
    void setId(int) -> a
    java.lang.String getPhone() -> b
    void setPhone(java.lang.String) -> a
    int getCount() -> c
    void setCount(int) -> b
    int getCountNew() -> d
    void setCountNew(int) -> c
    java.util.Date getDate() -> e
    void setDate(java.util.Date) -> a
    java.lang.String getHash() -> f
    void setHash(java.lang.String) -> b
smssafe2.dbengine.IMContact -> smssafe2.dbengine.i:
    java.lang.String getName() -> b
    void setName(java.lang.String) -> a
    java.lang.String getPhone() -> c
    void setPhone(java.lang.String) -> b
smssafe2.dbengine.IMDbDataSet -> smssafe2.dbengine.j:
    void SetDbProvider(smssafe2.dbengine.provider.IMDbProvider) -> a
smssafe2.dbengine.IMDbEngine -> smssafe2.dbengine.k:
    void Open(android.content.Context) -> a
    smssafe2.dbengine.IMDbQuerySetting QuerySetting() -> d
    smssafe2.dbengine.IMDbTableSetting TableSetting() -> c
    smssafe2.dbengine.IMDbQuerySms QuerySms() -> b
    smssafe2.dbengine.IMDbTableSms TableSms() -> a
smssafe2.dbengine.IMDbItem -> smssafe2.dbengine.l:
    int getId() -> a
    void setId(int) -> a
smssafe2.dbengine.IMDbQueryContact -> smssafe2.dbengine.m:
    smssafe2.dbengine.IMContact getByPhone(java.lang.String) -> a
smssafe2.dbengine.IMDbQuerySetting -> smssafe2.dbengine.n:
    void getById(smssafe2.dbengine.IMSetting,smssafe2.dbengine.IMDbQuerySetting$TTypSetting) -> a
smssafe2.dbengine.IMDbQuerySetting$TTypSetting -> smssafe2.dbengine.o:
    smssafe2.dbengine.IMDbQuerySetting$TTypSetting EDbZeroSetting -> a
    smssafe2.dbengine.IMDbQuerySetting$TTypSetting EDbVersion -> b
    smssafe2.dbengine.IMDbQuerySetting$TTypSetting EPassTimout -> c
    smssafe2.dbengine.IMDbQuerySetting$TTypSetting ERsaPub -> d
    smssafe2.dbengine.IMDbQuerySetting$TTypSetting ERsaPriv -> e
    smssafe2.dbengine.IMDbQuerySetting$TTypSetting ENotification -> f
    smssafe2.dbengine.IMDbQuerySetting$TTypSetting EProgramUpdated -> g
    smssafe2.dbengine.IMDbQuerySetting$TTypSetting ESmsListTyp -> h
    int mValue -> i
    java.util.Map _map -> j
    smssafe2.dbengine.IMDbQuerySetting$TTypSetting[] $VALUES -> k
    smssafe2.dbengine.IMDbQuerySetting$TTypSetting[] values() -> values
    smssafe2.dbengine.IMDbQuerySetting$TTypSetting valueOf(java.lang.String) -> valueOf
    int getValue() -> a
    smssafe2.dbengine.IMDbQuerySetting$TTypSetting from(int) -> a